<?xml version="1.0" encoding="UTF-8"?>
<testng-results ignored="0" total="1" passed="1" failed="0" skipped="0">
  <reporter-output>
  </reporter-output>
  <suite started-at="2023-09-20T11:53:27 IST" name="Default suite" finished-at="2023-09-20T11:53:37 IST" duration-ms="9128">
    <groups>
    </groups>
    <test started-at="2023-09-20T11:53:27 IST" name="Default test" finished-at="2023-09-20T11:53:37 IST" duration-ms="9128">
      <class name="com.test.Logintest">
        <test-method signature="loginfunctionality()[pri:0, instance:com.test.Logintest@6cd28fa7]" started-at="2023-09-20T11:53:27 IST" name="loginfunctionality" finished-at="2023-09-20T11:53:37 IST" duration-ms="9068" status="PASS">
          <reporter-output>
          </reporter-output>
        </test-method> <!-- loginfunctionality -->
      </class> <!-- com.test.Logintest -->
    </test> <!-- Default test -->
  </suite> <!-- Default suite -->
</testng-results>
